[2023-12-31 00:49:15] User: Kevin - Msg: test message - Error
[2023-12-31 00:49:28] User: Kevin - Msg: test message - Success
[2023-12-31 00:50:30] User: Kevin - Msg: test message - Error
[2023-12-31 09:10:00] User: kevin - Msg: hello - Success
[2023-12-31 09:30:25] User: GRAP - Msg: HIII I MISS YOU POOKIE GOOD MORNING - Success
[2023-12-31 09:30:50] User: pookie bear - Msg: MEOW have a good day today :e_wink: - Success
[2023-12-31 09:35:36] User: HII POOKIE - Msg: I MISS YOU GOOD MORNING - Success
[2023-12-31 10:54:59] User: Maddie - Msg: HEYYY HOW YOU BEEN - Success
[2023-12-31 11:07:38] User: Ethan - Msg: AR AR AR AR AR - Success
[2023-12-31 11:26:09] User: Ryker - Msg: NARRATOR: (Black screen with text; The sound of buzzing bees can be heard) According to all known laws of aviation,  : there is no way a bee (curse your word limit) - Success
[2023-12-31 11:26:30] User: No me gusta beaners - Msg: Imma touch you - Success
[2023-12-31 11:30:33] User: Kiwiener - Msg: IM SO HUNGRY BRO. ONLY HAD CODE RED TODAY - Success
[2023-12-31 11:30:43] User: Kiwiener - Msg: IM SO HUNGRY BRO. ONLY HAD MOUNTAIN DEW CODE RED TODAY - Success
[2023-12-31 11:30:44] User: Kiwiener - Msg: IM SO HUNGRY BRO. ONLY HAD MOUNTAIN DEW CODE RED TODAY - Success
[2023-12-31 11:38:21] User: Jeremiah - Msg: Witness the flame of the ancients(I'm gonna spam till it catches fire) - Success
[2023-12-31 12:11:47] User: ro - Msg: what if you come over tonight for a rim job - Success
[2023-12-31 12:12:05] User: Heaven - Msg: AYEE HOPE YOURE HAVING A GOOD DAY - Success
[2023-12-31 12:38:00] User: kiana - Msg: ur a faggot - Success
[2023-12-31 12:38:14] User: kiana - Msg: u like big black balls - Success
[2023-12-31 12:38:21] User: kiana - Msg: u like big black balls - Success
[2023-12-31 12:39:01] User: little hoe bitch kevin - Msg: kiana is the best ever - Success
[2023-12-31 12:42:29] User: Jimmy - Msg: The only way I could be sure is to have the money for a car wash or something and I would have a lot more money for that and then you would be paying me for that car and then you coul - Success
[2023-12-31 12:42:30] User: Jimmy - Msg: The only way I could be sure is to have the money for a car wash or something and I would have a lot more money for that and then you would be paying me for that car and then you coul - Success
[2023-12-31 14:11:14] User: Zach - Msg: I forgot to order sprite 💀💀💀 - Success
[2023-12-31 15:48:14] User: Ethan - Msg: I’m taking a piss rn - Success
[2023-12-31 15:48:15] User: Ethan - Msg: I’m taking a piss rn - Success
[2023-12-31 16:04:29] User: Emma - Msg: I see you - Success
[2023-12-31 16:06:44] User: ANCDEFGHIJKLMNOPQRSTUVWXYZ1234567891011121 - Msg: ANCDEFGHIJKLMNOPQRSTUVWXYZ1234567891011121 ANCDEFGHIJKLMNOPQRSTUVWXYZ1234567891011121 ANCDEFGHIJKLMNOPQRSTUVWXYZ1234567891011121 ANCDEFGHIJKLMNOPQRSTUVWXYZ1234567891011121314151617181 - Success
[2023-12-31 16:06:47] User: ANCDEFGHIJKLMNOPQRSTUVWXYZ1234567891011121 - Msg: ANCDEFGHIJKLMNOPQRSTUVWXYZ1234567891011121 ANCDEFGHIJKLMNOPQRSTUVWXYZ1234567891011121 ANCDEFGHIJKLMNOPQRSTUVWXYZ1234567891011121 ANCDEFGHIJKLMNOPQRSTUVWXYZ1234567891011121314151617181 - Success
[2023-12-31 16:13:41] User: nick - Msg: is your refrigerator running - Success
[2023-12-31 16:30:31] User: Kevin Topete - Msg: I am an annoying ass who sends recordings of strawberry munching to my friends - Success
[2023-12-31 20:48:20] User: Kakob - Msg: Hi kebin - Success
[2023-12-31 20:50:56] User: Kakob - Msg: Hey Kevin did you see my last message? - Success
[2023-12-31 22:21:57] User: GRAP - Msg: HAPPY NEW YEARS SNOOKIE - Success
[2023-12-31 22:22:10] User: LITGLE PEANUT BEAR - Msg: MWWWAH - Success
[2023-12-31 22:23:12] User: GRAPAAAIE - Msg: I LOVE YOU TECHIE WECKI - Success
[2023-12-31 22:43:08] User: :3 - Msg: :3 - Success
[2023-12-31 22:44:30] User: :3 - Msg: :3 - Success
[2023-12-31 22:44:31] User: :3 - Msg: :3 - Success
[2023-12-31 22:44:31] User: :3 - Msg: :3 - Success
[2023-12-31 22:44:31] User: :3 - Msg: :3 - Success
[2023-12-31 22:44:31] User: :3 - Msg: :3 - Success
[2023-12-31 22:44:31] User: :3 - Msg: :3 - Success
[2023-12-31 22:44:32] User: :3 - Msg: :3 - Success
[2023-12-31 22:44:51] User: :3 - Msg: :3 - Error
[2023-12-31 22:44:51] User: :3 - Msg: :3 - Success
[2023-12-31 22:44:51] User: :3 - Msg: :3 - Success
[2023-12-31 22:44:52] User: :3 - Msg: :3 - Success
[2023-12-31 22:44:52] User: :3 - Msg: :3 - Success
[2023-12-31 22:44:52] User: :3 - Msg: :3 - Success
[2023-12-31 22:44:52] User: :3 - Msg: :3 - Success
[2023-12-31 22:45:28] User: :3 - Msg: :3 - Error
[2023-12-31 22:45:28] User: :3 - Msg: :3 - Success
[2023-12-31 22:45:28] User: :3 - Msg: :3 - Success
[2023-12-31 22:45:28] User: :3 - Msg: :3 - Success
[2023-12-31 22:45:29] User: :3 - Msg: :3 - Success
[2023-12-31 22:45:29] User: :3 - Msg: :3 - Success
[2023-12-31 22:45:29] User: :3 - Msg: :3 - Success
[2023-12-31 22:45:29] User: :3 - Msg: :3 - Success
[2023-12-31 22:45:30] User: :3 - Msg: :3 - Success
[2023-12-31 22:45:30] User: :3 - Msg: :3 - Success
[2023-12-31 22:45:30] User: :3 - Msg: :3 - Success
[2023-12-31 22:45:30] User: :3 - Msg: :3 - Success
[2023-12-31 22:45:30] User: :3 - Msg: :3 - Success
[2023-12-31 22:45:31] User: :3 - Msg: :3 - Success
[2023-12-31 22:46:39] User: :3 - Msg: :3 - Error
[2023-12-31 22:47:52] User:  - Msg:  - Error
[2023-12-31 23:01:59] User: test - Msg: test - Error
[2023-12-31 23:23:46] User:  - Msg:  - Success
[2023-12-31 23:23:51] User: :3 - Msg: :3 - Success
[2023-12-31 23:23:51] User: :3 - Msg: :3 - Success
[2023-12-31 23:23:51] User: :3 - Msg: :3 - Success
[2023-12-31 23:23:51] User: :3 - Msg: :3 - Success
[2023-12-31 23:23:52] User: :3 - Msg: :3 - Success
[2023-12-31 23:23:52] User: :3 - Msg: :3 - Success
[2023-12-31 23:23:52] User: :3 - Msg: :3 - Success
[2023-12-31 23:23:52] User: :3 - Msg: :3 - Success
[2023-12-31 23:23:52] User: :3 - Msg: :3 - Success
[2023-12-31 23:23:52] User: :3 - Msg: :3 - Success
[2023-12-31 23:23:53] User: :3 - Msg: :3 - Success
[2023-12-31 23:23:53] User: :3 - Msg: :3 - Success
[2023-12-31 23:23:53] User: :3 - Msg: :3 - Success
[2023-12-31 23:23:53] User: :3 - Msg: :3 - Success
[2023-12-31 23:23:53] User: :3 - Msg: :3 - Success
[2023-12-31 23:23:54] User: :3 - Msg: :3 - Success
[2023-12-31 23:23:54] User: :3 - Msg: :3 - Success
[2023-12-31 23:23:54] User: :3 - Msg: :3 - Success
[2023-12-31 23:23:54] User: :3 - Msg: :3 - Success
[2023-12-31 23:23:54] User: :3 - Msg: :3 - Success
[2023-12-31 23:23:54] User: :3 - Msg: :3 - Success
[2023-12-31 23:23:55] User: :3 - Msg: :3 - Success
[2023-12-31 23:23:55] User: :3 - Msg: :3 - Success
[2023-12-31 23:23:55] User: :3 - Msg: :3 - Success
[2023-12-31 23:23:55] User: :3 - Msg: :3 - Success
[2023-12-31 23:23:55] User: :3 - Msg: :3 - Success
[2023-12-31 23:23:56] User: :3 - Msg: :3 - Success
[2023-12-31 23:23:56] User: :3 - Msg: :3 - Success
[2023-12-31 23:23:56] User: :3 - Msg: :3 - Success
[2023-12-31 23:23:56] User: :3 - Msg: :3 - Success
[2023-12-31 23:23:56] User: :3 - Msg: :3 - Success
[2023-12-31 23:23:57] User: :3 - Msg: :3 - Success
[2023-12-31 23:23:57] User: :3 - Msg: :3 - Success
[2023-12-31 23:23:57] User: :3 - Msg: :3 - Success
[2023-12-31 23:23:57] User: :3 - Msg: :3 - Success
[2023-12-31 23:23:57] User: :3 - Msg: :3 - Success
[2023-12-31 23:23:57] User: :3 - Msg: :3 - Success
[2023-12-31 23:23:58] User: :3 - Msg: :3 - Success
[2023-12-31 23:23:58] User: :3 - Msg: :3 - Success
[2023-12-31 23:23:58] User: :3 - Msg: :3 - Success
[2023-12-31 23:23:58] User: :3 - Msg: :3 - Success
[2023-12-31 23:23:58] User: :3 - Msg: :3 - Success
[2023-12-31 23:23:59] User: :3 - Msg: :3 - Success
[2023-12-31 23:23:59] User: :3 - Msg: :3 - Success
[2023-12-31 23:23:59] User: :3 - Msg: :3 - Success
[2023-12-31 23:23:59] User: :3 - Msg: :3 - Success
[2023-12-31 23:23:59] User: :3 - Msg: :3 - Success
[2023-12-31 23:24:00] User: :3 - Msg: :3 - Success
[2023-12-31 23:24:00] User: :3 - Msg: :3 - Success
[2023-12-31 23:24:00] User: :3 - Msg: :3 - Success
[2023-12-31 23:24:00] User: :3 - Msg: :3 - Success
[2023-12-31 23:24:00] User: :3 - Msg: :3 - Success
[2023-12-31 23:24:01] User: :3 - Msg: :3 - Success
[2023-12-31 23:24:01] User: :3 - Msg: :3 - Success
[2023-12-31 23:24:01] User: :3 - Msg: :3 - Success
[2023-12-31 23:24:01] User: :3 - Msg: :3 - Success
[2023-12-31 23:24:01] User: :3 - Msg: :3 - Success
[2023-12-31 23:24:02] User: :3 - Msg: :3 - Success
[2023-12-31 23:24:02] User: :3 - Msg: :3 - Success
[2023-12-31 23:24:02] User: :3 - Msg: :3 - Success
[2023-12-31 23:24:02] User: :3 - Msg: :3 - Success
[2023-12-31 23:24:02] User: :3 - Msg: :3 - Success
[2023-12-31 23:24:02] User: :3 - Msg: :3 - Success
[2023-12-31 23:24:03] User: :3 - Msg: :3 - Success
[2023-12-31 23:24:03] User: :3 - Msg: :3 - Success
[2023-12-31 23:24:03] User: :3 - Msg: :3 - Success
[2023-12-31 23:24:03] User: :3 - Msg: :3 - Success
[2023-12-31 23:24:03] User: :3 - Msg: :3 - Success
[2023-12-31 23:24:04] User: :3 - Msg: :3 - Success
[2023-12-31 23:24:04] User: :3 - Msg: :3 - Success
[2023-12-31 23:24:04] User: :3 - Msg: :3 - Success
[2023-12-31 23:24:04] User: :3 - Msg: :3 - Success
[2023-12-31 23:24:04] User: :3 - Msg: :3 - Success
[2023-12-31 23:24:04] User: :3 - Msg: :3 - Success
[2023-12-31 23:24:05] User: :3 - Msg: :3 - Success
[2023-12-31 23:24:05] User: :3 - Msg: :3 - Success
[2023-12-31 23:24:05] User: :3 - Msg: :3 - Success
[2023-12-31 23:24:05] User: :3 - Msg: :3 - Success
[2023-12-31 23:24:05] User: :3 - Msg: :3 - Success
[2023-12-31 23:24:06] User: :3 - Msg: :3 - Success
[2023-12-31 23:24:06] User: :3 - Msg: :3 - Success
[2023-12-31 23:24:06] User: :3 - Msg: :3 - Success
[2023-12-31 23:24:06] User: :3 - Msg: :3 - Success
[2023-12-31 23:24:06] User: :3 - Msg: :3 - Success
[2023-12-31 23:24:07] User: :3 - Msg: :3 - Success
[2023-12-31 23:24:07] User: :3 - Msg: :3 - Success
[2023-12-31 23:24:07] User: :3 - Msg: :3 - Success
[2023-12-31 23:24:07] User: :3 - Msg: :3 - Success
[2023-12-31 23:24:07] User: :3 - Msg: :3 - Success
[2023-12-31 23:24:07] User: :3 - Msg: :3 - Success
[2023-12-31 23:24:08] User: :3 - Msg: :3 - Success
[2023-12-31 23:24:08] User: :3 - Msg: :3 - Success
[2023-12-31 23:24:08] User: :3 - Msg: :3 - Success
[2023-12-31 23:24:08] User: :3 - Msg: :3 - Success
[2023-12-31 23:24:09] User: :3 - Msg: :3 - Success
[2023-12-31 23:24:09] User: :3 - Msg: :3 - Success
[2023-12-31 23:24:09] User: :3 - Msg: :3 - Success
[2023-12-31 23:24:09] User: :3 - Msg: :3 - Success
[2023-12-31 23:24:09] User: :3 - Msg: :3 - Success
[2023-12-31 23:24:09] User: :3 - Msg: :3 - Success
[2023-12-31 23:24:10] User: :3 - Msg: :3 - Success
[2023-12-31 23:24:10] User: :3 - Msg: :3 - Success
[2023-12-31 23:24:10] User: :3 - Msg: :3 - Success
[2023-12-31 23:24:10] User: :3 - Msg: :3 - Success
[2023-12-31 23:24:10] User: :3 - Msg: :3 - Success
[2023-12-31 23:24:11] User: :3 - Msg: :3 - Success
[2023-12-31 23:24:11] User: :3 - Msg: :3 - Success
[2023-12-31 23:24:11] User: :3 - Msg: :3 - Success
[2023-12-31 23:24:11] User: :3 - Msg: :3 - Success
[2023-12-31 23:24:11] User: :3 - Msg: :3 - Success
[2023-12-31 23:24:12] User: :3 - Msg: :3 - Success
[2023-12-31 23:24:12] User: :3 - Msg: :3 - Success
[2023-12-31 23:24:12] User: :3 - Msg: :3 - Success
[2023-12-31 23:24:12] User: :3 - Msg: :3 - Success
[2023-12-31 23:24:12] User: :3 - Msg: :3 - Success
[2023-12-31 23:24:13] User: :3 - Msg: :3 - Success
[2023-12-31 23:24:13] User: :3 - Msg: :3 - Success
[2023-12-31 23:24:13] User: :3 - Msg: :3 - Success
[2023-12-31 23:24:13] User: :3 - Msg: :3 - Success
[2023-12-31 23:24:13] User: :3 - Msg: :3 - Success
[2023-12-31 23:24:14] User: :3 - Msg: :3 - Success
[2023-12-31 23:24:14] User: :3 - Msg: :3 - Success
[2023-12-31 23:24:14] User: :3 - Msg: :3 - Success
[2023-12-31 23:24:14] User: :3 - Msg: :3 - Success
[2023-12-31 23:24:14] User: :3 - Msg: :3 - Success
[2023-12-31 23:24:15] User: :3 - Msg: :3 - Success
[2023-12-31 23:24:15] User: :3 - Msg: :3 - Success
[2023-12-31 23:24:15] User: :3 - Msg: :3 - Success
[2023-12-31 23:24:15] User: :3 - Msg: :3 - Success
[2023-12-31 23:24:15] User: :3 - Msg: :3 - Success
[2023-12-31 23:24:16] User: :3 - Msg: :3 - Success
[2023-12-31 23:24:16] User: :3 - Msg: :3 - Success
[2023-12-31 23:24:16] User: :3 - Msg: :3 - Success
[2023-12-31 23:24:16] User: :3 - Msg: :3 - Success
[2023-12-31 23:24:16] User: :3 - Msg: :3 - Success
[2023-12-31 23:24:17] User: :3 - Msg: :3 - Success
[2023-12-31 23:24:17] User: :3 - Msg: :3 - Success
[2023-12-31 23:24:17] User: :3 - Msg: :3 - Success
[2023-12-31 23:24:17] User: :3 - Msg: :3 - Success
[2023-12-31 23:24:17] User: :3 - Msg: :3 - Success
[2023-12-31 23:24:18] User: :3 - Msg: :3 - Success
[2023-12-31 23:24:18] User: :3 - Msg: :3 - Success
[2023-12-31 23:24:18] User: :3 - Msg: :3 - Success
[2023-12-31 23:24:18] User: :3 - Msg: :3 - Success
[2023-12-31 23:24:18] User: :3 - Msg: :3 - Success
[2023-12-31 23:24:19] User: :3 - Msg: :3 - Success
[2023-12-31 23:24:19] User: :3 - Msg: :3 - Success
[2023-12-31 23:24:19] User: :3 - Msg: :3 - Success
[2023-12-31 23:24:19] User: :3 - Msg: :3 - Success
[2023-12-31 23:24:19] User: :3 - Msg: :3 - Success
[2023-12-31 23:24:20] User: :3 - Msg: :3 - Success
[2023-12-31 23:24:20] User: :3 - Msg: :3 - Success
[2023-12-31 23:24:20] User: :3 - Msg: :3 - Success
[2023-12-31 23:24:20] User: :3 - Msg: :3 - Success
[2023-12-31 23:24:20] User: :3 - Msg: :3 - Success
[2023-12-31 23:24:21] User: :3 - Msg: :3 - Success
[2023-12-31 23:24:21] User: :3 - Msg: :3 - Success
[2023-12-31 23:24:21] User: :3 - Msg: :3 - Success
[2023-12-31 23:24:21] User: :3 - Msg: :3 - Success
[2023-12-31 23:24:21] User: :3 - Msg: :3 - Success
[2023-12-31 23:24:22] User: :3 - Msg: :3 - Success
[2023-12-31 23:24:22] User: :3 - Msg: :3 - Success
[2023-12-31 23:24:22] User: :3 - Msg: :3 - Success
[2023-12-31 23:24:22] User: :3 - Msg: :3 - Success
[2023-12-31 23:24:22] User: :3 - Msg: :3 - Success
[2023-12-31 23:24:23] User: :3 - Msg: :3 - Success
[2023-12-31 23:24:23] User: :3 - Msg: :3 - Success
[2023-12-31 23:24:23] User: :3 - Msg: :3 - Success
[2023-12-31 23:24:23] User: :3 - Msg: :3 - Success
[2023-12-31 23:24:23] User: :3 - Msg: :3 - Success
[2023-12-31 23:24:24] User: :3 - Msg: :3 - Success
[2023-12-31 23:24:24] User: :3 - Msg: :3 - Success
[2023-12-31 23:24:24] User: :3 - Msg: :3 - Success
[2023-12-31 23:24:24] User: :3 - Msg: :3 - Success
[2023-12-31 23:24:24] User: :3 - Msg: :3 - Success
[2023-12-31 23:24:25] User: :3 - Msg: :3 - Success
[2023-12-31 23:24:25] User: :3 - Msg: :3 - Success
[2023-12-31 23:24:25] User: :3 - Msg: :3 - Success
[2023-12-31 23:24:25] User: :3 - Msg: :3 - Success
[2023-12-31 23:24:25] User: :3 - Msg: :3 - Success
[2023-12-31 23:24:26] User: :3 - Msg: :3 - Success
[2023-12-31 23:24:26] User: :3 - Msg: :3 - Success
[2023-12-31 23:24:26] User: :3 - Msg: :3 - Success
[2023-12-31 23:24:26] User: :3 - Msg: :3 - Success
[2023-12-31 23:24:26] User: :3 - Msg: :3 - Success
[2023-12-31 23:24:27] User: :3 - Msg: :3 - Success
[2023-12-31 23:24:27] User: :3 - Msg: :3 - Success
[2023-12-31 23:24:27] User: :3 - Msg: :3 - Success
[2023-12-31 23:24:27] User: :3 - Msg: :3 - Success
[2023-12-31 23:24:28] User: :3 - Msg: :3 - Success
[2023-12-31 23:24:28] User: :3 - Msg: :3 - Success
[2023-12-31 23:24:28] User: :3 - Msg: :3 - Success
[2023-12-31 23:24:28] User: :3 - Msg: :3 - Success
[2023-12-31 23:24:28] User: :3 - Msg: :3 - Success
[2023-12-31 23:24:29] User: :3 - Msg: :3 - Success
[2023-12-31 23:24:29] User: :3 - Msg: :3 - Success
[2023-12-31 23:24:29] User: :3 - Msg: :3 - Success
[2023-12-31 23:24:29] User: :3 - Msg: :3 - Error
[2023-12-31 23:24:29] User: :3 - Msg: :3 - Error
[2023-12-31 23:24:30] User: :3 - Msg: :3 - Error
[2023-12-31 23:24:30] User: :3 - Msg: :3 - Error
[2023-12-31 23:24:30] User: :3 - Msg: :3 - Error
[2024-01-01 00:07:36] User: Jason - Msg: LETS FUCKING GO THE EARTH COMPLETED A FULL ORBIT AROUND THE SUN - Error
[2024-01-01 00:07:41] User: Jason - Msg: LETS FUCKING GO THE EARTH COMPLETED A FULL ORBIT AROUND THE SUN - Error
[2024-01-01 00:10:45] User: Jason - Msg: LETS FUCKING GO THE EARTH COMPLETED ANOTHER ORBIT AROUND THE SUN - Success
[2024-01-01 00:13:21] User: Jason - Msg: LETS FUCKING GO THE EARTH COMPLETED A FULL ORBIT AROUND THE SUN v.2 - Error
[2024-01-01 12:18:58] User: test - Msg: test - Success
[2024-01-01 12:20:37] User: urmom - Msg: uhavefatbumpoopbuttigonnagetu - Success
[2024-01-01 12:20:48] User: Cashmoneylolo - Msg: If you drive a Subaru in reverse, what are you? U R a bus - Success
[2024-01-01 12:20:51] User: Cashmoneylolo - Msg: If you drive a Subaru in reverse, what are you? U R a bus - Success
[2024-01-01 12:21:01] User: Cashmoneylolo - Msg: If you drive a Subaru in reverse, what are you? U R a bus - Success
[2024-01-01 12:21:09] User: markus - Msg: send me money - Success
[2024-01-01 12:21:10] User: markus - Msg: send me money - Success
[2024-01-01 12:21:11] User: markus - Msg: send me money - Success
[2024-01-01 12:21:13] User: markus - Msg: send me money - Success
[2024-01-01 12:21:15] User: markus - Msg: send me money - Success
[2024-01-01 12:21:15] User: markus - Msg: send me money - Success
[2024-01-01 12:21:15] User: markus - Msg: send me money - Success
[2024-01-01 12:21:15] User: markus - Msg: send me money - Success
[2024-01-01 12:21:15] User: markus - Msg: send me money - Success
[2024-01-01 12:21:16] User: markus - Msg: send me money - Error
[2024-01-01 12:21:16] User: markus - Msg: send me money - Success
[2024-01-01 12:21:16] User: markus - Msg: send me money - Success
[2024-01-01 12:21:16] User: markus - Msg: send me money - Success
[2024-01-01 12:21:16] User: markus - Msg: send me money - Success
[2024-01-01 12:21:16] User: markus - Msg: send me money - Success
[2024-01-01 12:21:16] User: markus - Msg: send me money - Success
[2024-01-01 12:21:17] User: markus - Msg: send me money - Success
[2024-01-01 12:21:17] User: markus - Msg: send me money - Success
[2024-01-01 12:21:17] User: markus - Msg: send me money - Success
[2024-01-01 12:21:17] User: markus - Msg: send me money - Success
[2024-01-01 12:21:22] User: markus - Msg: send me money - Success
[2024-01-01 12:21:22] User: markus - Msg: send me money - Success
[2024-01-01 12:21:22] User: markus - Msg: send me money - Success
[2024-01-01 12:21:22] User: markus - Msg: send me money - Success
[2024-01-01 12:21:22] User: markus - Msg: send me money - Success
[2024-01-01 12:21:22] User: markus - Msg: send me money - Success
[2024-01-01 12:23:18] User: bee  movie - Msg: Scripts.com Bee Movie By Jerry Seinfeld  NARRATOR: (Black screen with text; The sound of buzzing bees can be heard) According to all known laws of aviation,  : there is no way a bee s - Success
[2024-01-01 12:23:41] User: Money Mike $$ AKA Preem Supreme Primo - Msg: How do you think the thinkable? With an Itheberg. Why did the Sun not go to college? Because it already had a billion degrees!  What did the rapper 50 cent do when he got hungry? 58 - Success
[2024-01-01 12:24:08] User: Cashmoneylolo - Msg: What happens when you eat aluminum? - Success
[2024-01-01 12:24:21] User: Cashmoneylolo - Msg: You sheet metal - Success
[2024-01-01 12:29:47] User: Cashmoneylolo - Msg: I recently took a job as the head of old McDonalds farm. I am the CIEIO - Success
[2024-01-01 12:30:41] User: Cashmoneylolo - Msg: Friend: can you hand me that pamphlet? ME: Brochure - Success
[2024-01-01 13:37:22] User: sprincles - Msg: cool new thing but PLS put uop the serverrrrrrrrrr - Success
[2024-01-01 13:39:10] User: sprincles - Msg: this is totally demin threatening u uh u better put up the server or else bang bang gun sounds - Success
[2024-01-01 15:04:04] User: Demin - Msg: Ass site color ngl - Success
[2024-01-01 16:57:47] User: Ur mom - Msg: Is it gay? One must wonder, but for 20 dollars, I am gay. - Success
[2024-01-01 18:47:33] User: demin - Msg: u betterr puts up the server or i will nuke u - Success
[2024-01-01 18:48:06] User: john - Msg: johnny - Success
[2024-01-01 18:48:43] User: john - Msg: johnny - Success
[2024-01-01 18:48:43] User: john - Msg: johnny - Success
[2024-01-01 18:48:43] User: john - Msg: johnny - Error
[2024-01-01 18:48:43] User: john - Msg: johnny - Success
[2024-01-01 18:48:44] User: john - Msg: johnny - Success
[2024-01-01 18:48:44] User: john - Msg: johnny - Success
[2024-01-01 18:48:44] User: john - Msg: johnny - Success
[2024-01-01 18:48:44] User: a - Msg:  - Success
[2024-01-01 18:48:45] User: a - Msg:  - Success
[2024-01-01 18:48:45] User: a - Msg:  - Success
[2024-01-01 18:48:46] User: a - Msg:  - Success
[2024-01-01 18:48:46] User: a - Msg:  - Success
[2024-01-01 18:48:46] User: a - Msg:  - Success
[2024-01-01 18:48:47] User: a - Msg:  - Success
[2024-01-01 18:48:47] User: a - Msg:  - Success
[2024-01-01 18:48:47] User: a - Msg:  - Success
[2024-01-01 18:48:48] User: a - Msg:  - Success
[2024-01-01 18:48:48] User: a - Msg:  - Success
[2024-01-01 18:48:48] User: a - Msg:  - Success
[2024-01-01 18:48:49] User: a - Msg:  - Success
[2024-01-01 18:48:49] User: a - Msg:  - Success
[2024-01-01 18:48:49] User: a - Msg:  - Success
[2024-01-01 18:48:49] User: a - Msg:  - Success
[2024-01-01 18:48:49] User: a - Msg:  - Success
[2024-01-01 18:48:49] User: a - Msg:  - Success
[2024-01-01 18:48:50] User: a - Msg:  - Success
[2024-01-01 18:48:52] User: as - Msg:  - Success
[2024-01-01 18:48:53] User: ass - Msg:  - Success
[2024-01-01 18:48:54] User: asss - Msg:  - Success
[2024-01-01 18:48:55] User: assss - Msg:  - Success
[2024-01-01 18:48:56] User: asssss - Msg:  - Success
[2024-01-01 18:48:59] User: assssss - Msg: s - Success
[2024-01-01 18:49:00] User: assssss - Msg: s - Success
[2024-01-01 18:49:00] User: assssss - Msg: s - Success
[2024-01-01 18:49:02] User: assssss - Msg: ss - Success
[2024-01-01 18:49:03] User: assssss - Msg: sss - Success
[2024-01-01 18:49:04] User: assssss - Msg: ssss - Success
[2024-01-01 18:49:04] User: assssss - Msg: sssss - Success
[2024-01-01 18:49:05] User: assssss - Msg: ssssss - Success
[2024-01-01 18:49:06] User: assssss - Msg: ssssss - Success
[2024-01-01 18:49:07] User: assssss - Msg: ssssss - Success
[2024-01-01 18:49:08] User: assssss - Msg: sssssss - Success
[2024-01-01 18:49:09] User: assssss - Msg: ssssssss - Success
[2024-01-01 18:49:10] User: assssss - Msg: sssssssss - Success
[2024-01-01 18:49:10] User: assssss - Msg: sssssssss - Success
[2024-01-01 19:28:12] User: . - Msg: N - Success
[2024-01-01 19:28:18] User: . - Msg: I - Success
[2024-01-01 19:28:20] User: . - Msg: I - Success
[2024-01-01 19:28:20] User: . - Msg: I - Success
[2024-01-01 19:28:22] User: . - Msg: I - Success
[2024-01-01 20:10:32] User: Nigga - Msg: NIGGER - Success
[2024-01-01 20:16:16] User: Jason - Msg: I don’t want to go back to school - Success
[2024-01-01 20:16:29] User: Jason - Msg: SWEET CAROLINE BA BA BA - Success
[2024-01-01 20:16:31] User: Jason - Msg: SWEET CAROLINE BA BA BA - Success
[2024-01-01 20:16:32] User: Jason - Msg: SWEET CAROLINE BA BA BA - Success
[2024-01-01 21:32:16] User: :3 - Msg: :3 - Success
[2024-01-01 21:32:17] User: :3 - Msg: :3 - Success
[2024-01-01 21:32:19] User: :3 - Msg: :3 - Success
[2024-01-01 21:32:19] User: :3 - Msg: :3 - Success
[2024-01-01 21:32:19] User: :3 - Msg: :3 - Success
[2024-01-01 21:32:19] User: :3 - Msg: :3 - Success
[2024-01-01 21:32:20] User: :3 - Msg: :3 - Success
[2024-01-01 21:32:20] User: :3 - Msg: :3 - Success
[2024-01-01 21:32:20] User: :3 - Msg: :3 - Success
[2024-01-01 21:32:20] User: :3 - Msg: :3 - Success
[2024-01-01 21:56:13] User: The ASCII code for the asterisk: The ASCII - Msg: A sentence: 42 characters is about one sentence, which typically has 15–20 words. A password: Some say that 42 characters is enough for a password. A file name: File names in iCloud 3 - Success
[2024-01-01 22:00:38] User: test - Msg: test - Success
[2024-01-01 22:01:17] User: test - Msg: test - Success
[2024-01-01 22:01:56] User: test - Msg: test - Success
[2024-01-01 22:02:52] User: test - Msg: test - Success
[2024-01-01 22:05:48] User: Ro - Msg: So did you know that when you suck my dick my cum is actually confetti? Fun fact I think we need to test it so cmere white boy and hop on this fucking dick 😩 - Success
[2024-01-01 22:33:15] User: The penis man - Msg: 𓂸 𓂸 𓂸 𓂸 - Success
[2024-07-03 21:21:52] User: test - Msg: test - Error
[2024-07-03 21:24:08] User: test - Msg: test - Success
[2024-07-03 21:26:11] User: Test - Msg: Test - Success
[2024-07-03 21:47:26] User: Poopoo fart butt - Msg: Yeah same - Success
[2024-07-03 22:33:34] User: Tech (this is demin) - Msg: My power back on hop on the server or bad L bozo I’m getting on rn - Success
[2024-07-03 22:36:24] User: Ur mum - Msg: I’m gunna blow up your house with this - Success
[2024-07-03 22:36:46] User: Ur mum - Msg: Ong 13 more hours and I’ll be there - Success
[2024-07-03 22:40:08] User: Kevin - Msg: Hehehhehehehehehhehehehehehhehehehehehehehehehehehhehehehehehehehehee get on whehhehehegehegehegehegeheheggehehhehehehehehehhehehehehehehehheheheheheħhehehehehhehehehehehehhehehehehehehehhehehehehhehehehehehrhehhrehhrhrhehrhrhrhehehrhehehehehhehehehehehehhehehehehhehehehehehehehhehehehhehehehehhehehehehehehehhehehehehehhehehehehhehehehhehehehehhehehehhehehehheheheehehehehehhehehehehhehehehehehehhehehehhehehehhehehhehehehehehhehehehehhehehehehehhehehehehhehehehehehhehehehehehhehehehehehehhehehehe - Error
[2024-07-03 22:46:55] User: sprancles - Msg: add a 0 to the end of 500 rn - Success
